Determining if the pthread_create exist failed with the following output:
Change Dir: /home/ros/catkin_ws/build/CMakeFiles/CMakeTmp

Run Build Command:/usr/bin/make "cmTryCompileExec1695651542/fast"
/usr/bin/make -f CMakeFiles/cmTryCompileExec1695651542.dir/build.make CMakeFiles/cmTryCompileExec1695651542.dir/build
make[1]: Entering directory `/home/ros/catkin_ws/build/CMakeFiles/CMakeTmp'
/usr/bin/cmake -E cmake_progress_report /home/ros/catkin_ws/build/CMakeFiles/CMakeTmp/CMakeFiles 1
Building C object CMakeFiles/cmTryCompileExec1695651542.dir/CheckSymbolExists.c.o
/usr/bin/cc    -o CMakeFiles/cmTryCompileExec1695651542.dir/CheckSymbolExists.c.o   -c /home/ros/catkin_ws/build/CMakeFiles/CMakeTmp/CheckSymbolExists.c
Linking C executable cmTryCompileExec1695651542
/usr/bin/cmake -E cmake_link_script CMakeFiles/cmTryCompileExec1695651542.dir/link.txt --verbose=1
/usr/bin/cc       CMakeFiles/cmTryCompileExec1695651542.dir/CheckSymbolExists.c.o  -o cmTryCompileExec1695651542 -rdynamic 
CMakeFiles/cmTryCompileExec1695651542.dir/CheckSymbolExists.c.o: In function `main':
CheckSymbolExists.c:(.text+0x16): undefined reference to `pthread_create'
collect2: error: ld returned 1 exit status
make[1]: Leaving directory `/home/ros/catkin_ws/build/CMakeFiles/CMakeTmp'
make[1]: *** [cmTryCompileExec1695651542] Error 1
make: *** [cmTryCompileExec1695651542/fast] Error 2

File /home/ros/catkin_ws/build/CMakeFiles/CMakeTmp/CheckSymbolExists.c:
/* */
#include <pthread.h>

int main(int argc, char** argv)
{
  (void)argv;
#ifndef pthread_create
  return ((int*)(&pthread_create))[argc];
#else
  (void)argc;
  return 0;
#endif
}

Determining if the function pthread_create exists in the pthreads failed with the following output:
Change Dir: /home/ros/catkin_ws/build/CMakeFiles/CMakeTmp

Run Build Command:/usr/bin/make "cmTryCompileExec433333646/fast"
/usr/bin/make -f CMakeFiles/cmTryCompileExec433333646.dir/build.make CMakeFiles/cmTryCompileExec433333646.dir/build
make[1]: Entering directory `/home/ros/catkin_ws/build/CMakeFiles/CMakeTmp'
/usr/bin/cmake -E cmake_progress_report /home/ros/catkin_ws/build/CMakeFiles/CMakeTmp/CMakeFiles 1
Building C object CMakeFiles/cmTryCompileExec433333646.dir/CheckFunctionExists.c.o
/usr/bin/cc   -DCHECK_FUNCTION_EXISTS=pthread_create   -o CMakeFiles/cmTryCompileExec433333646.dir/CheckFunctionExists.c.o   -c /usr/share/cmake-2.8/Modules/CheckFunctionExists.c
Linking C executable cmTryCompileExec433333646
/usr/bin/cmake -E cmake_link_script CMakeFiles/cmTryCompileExec433333646.dir/link.txt --verbose=1
/usr/bin/cc   -DCHECK_FUNCTION_EXISTS=pthread_create    CMakeFiles/cmTryCompileExec433333646.dir/CheckFunctionExists.c.o  -o cmTryCompileExec433333646 -rdynamic -lpthreads 
/usr/bin/ld: cannot find -lpthreads
collect2: error: ld returned 1 exit status
make[1]: Leaving directory `/home/ros/catkin_ws/build/CMakeFiles/CMakeTmp'
make[1]: *** [cmTryCompileExec433333646] Error 1
make: *** [cmTryCompileExec433333646/fast] Error 2


Determining if the CL_VERSION_2_0 exist failed with the following output:
Change Dir: /home/ros/catkin_ws/build/CMakeFiles/CMakeTmp

Run Build Command:/usr/bin/make "cmTryCompileExec3948052889/fast"
/usr/bin/make -f CMakeFiles/cmTryCompileExec3948052889.dir/build.make CMakeFiles/cmTryCompileExec3948052889.dir/build
make[1]: Entering directory `/home/ros/catkin_ws/build/CMakeFiles/CMakeTmp'
/usr/bin/cmake -E cmake_progress_report /home/ros/catkin_ws/build/CMakeFiles/CMakeTmp/CMakeFiles 1
Building C object CMakeFiles/cmTryCompileExec3948052889.dir/CheckSymbolExists.c.o
/usr/bin/cc    -o CMakeFiles/cmTryCompileExec3948052889.dir/CheckSymbolExists.c.o   -c /home/ros/catkin_ws/build/CMakeFiles/CMakeTmp/CheckSymbolExists.c
/home/ros/catkin_ws/build/CMakeFiles/CMakeTmp/CheckSymbolExists.c:2:47: fatal error: OpenCL_INCLUDE_DIR-NOTFOUND/CL/cl.h: No such file or directory
 #include <OpenCL_INCLUDE_DIR-NOTFOUND/CL/cl.h>
                                               ^
compilation terminated.
make[1]: Leaving directory `/home/ros/catkin_ws/build/CMakeFiles/CMakeTmp'
make[1]: *** [CMakeFiles/cmTryCompileExec3948052889.dir/CheckSymbolExists.c.o] Error 1
make: *** [cmTryCompileExec3948052889/fast] Error 2

File /home/ros/catkin_ws/build/CMakeFiles/CMakeTmp/CheckSymbolExists.c:
/* */
#include <OpenCL_INCLUDE_DIR-NOTFOUND/CL/cl.h>

int main(int argc, char** argv)
{
  (void)argv;
#ifndef CL_VERSION_2_0
  return ((int*)(&CL_VERSION_2_0))[argc];
#else
  (void)argc;
  return 0;
#endif
}

Determining if the CL_VERSION_1_2 exist failed with the following output:
Change Dir: /home/ros/catkin_ws/build/CMakeFiles/CMakeTmp

Run Build Command:/usr/bin/make "cmTryCompileExec56217794/fast"
/usr/bin/make -f CMakeFiles/cmTryCompileExec56217794.dir/build.make CMakeFiles/cmTryCompileExec56217794.dir/build
make[1]: Entering directory `/home/ros/catkin_ws/build/CMakeFiles/CMakeTmp'
/usr/bin/cmake -E cmake_progress_report /home/ros/catkin_ws/build/CMakeFiles/CMakeTmp/CMakeFiles 1
Building C object CMakeFiles/cmTryCompileExec56217794.dir/CheckSymbolExists.c.o
/usr/bin/cc    -o CMakeFiles/cmTryCompileExec56217794.dir/CheckSymbolExists.c.o   -c /home/ros/catkin_ws/build/CMakeFiles/CMakeTmp/CheckSymbolExists.c
/home/ros/catkin_ws/build/CMakeFiles/CMakeTmp/CheckSymbolExists.c:2:47: fatal error: OpenCL_INCLUDE_DIR-NOTFOUND/CL/cl.h: No such file or directory
 #include <OpenCL_INCLUDE_DIR-NOTFOUND/CL/cl.h>
                                               ^
compilation terminated.
make[1]: Leaving directory `/home/ros/catkin_ws/build/CMakeFiles/CMakeTmp'
make[1]: *** [CMakeFiles/cmTryCompileExec56217794.dir/CheckSymbolExists.c.o] Error 1
make: *** [cmTryCompileExec56217794/fast] Error 2

File /home/ros/catkin_ws/build/CMakeFiles/CMakeTmp/CheckSymbolExists.c:
/* */
#include <OpenCL_INCLUDE_DIR-NOTFOUND/CL/cl.h>

int main(int argc, char** argv)
{
  (void)argv;
#ifndef CL_VERSION_1_2
  return ((int*)(&CL_VERSION_1_2))[argc];
#else
  (void)argc;
  return 0;
#endif
}

Determining if the CL_VERSION_1_1 exist failed with the following output:
Change Dir: /home/ros/catkin_ws/build/CMakeFiles/CMakeTmp

Run Build Command:/usr/bin/make "cmTryCompileExec3222047809/fast"
/usr/bin/make -f CMakeFiles/cmTryCompileExec3222047809.dir/build.make CMakeFiles/cmTryCompileExec3222047809.dir/build
make[1]: Entering directory `/home/ros/catkin_ws/build/CMakeFiles/CMakeTmp'
/usr/bin/cmake -E cmake_progress_report /home/ros/catkin_ws/build/CMakeFiles/CMakeTmp/CMakeFiles 1
Building C object CMakeFiles/cmTryCompileExec3222047809.dir/CheckSymbolExists.c.o
/usr/bin/cc    -o CMakeFiles/cmTryCompileExec3222047809.dir/CheckSymbolExists.c.o   -c /home/ros/catkin_ws/build/CMakeFiles/CMakeTmp/CheckSymbolExists.c
/home/ros/catkin_ws/build/CMakeFiles/CMakeTmp/CheckSymbolExists.c:2:47: fatal error: OpenCL_INCLUDE_DIR-NOTFOUND/CL/cl.h: No such file or directory
 #include <OpenCL_INCLUDE_DIR-NOTFOUND/CL/cl.h>
                                               ^
compilation terminated.
make[1]: Leaving directory `/home/ros/catkin_ws/build/CMakeFiles/CMakeTmp'
make[1]: *** [CMakeFiles/cmTryCompileExec3222047809.dir/CheckSymbolExists.c.o] Error 1
make: *** [cmTryCompileExec3222047809/fast] Error 2

File /home/ros/catkin_ws/build/CMakeFiles/CMakeTmp/CheckSymbolExists.c:
/* */
#include <OpenCL_INCLUDE_DIR-NOTFOUND/CL/cl.h>

int main(int argc, char** argv)
{
  (void)argv;
#ifndef CL_VERSION_1_1
  return ((int*)(&CL_VERSION_1_1))[argc];
#else
  (void)argc;
  return 0;
#endif
}

Determining if the CL_VERSION_1_0 exist failed with the following output:
Change Dir: /home/ros/catkin_ws/build/CMakeFiles/CMakeTmp

Run Build Command:/usr/bin/make "cmTryCompileExec1557799062/fast"
/usr/bin/make -f CMakeFiles/cmTryCompileExec1557799062.dir/build.make CMakeFiles/cmTryCompileExec1557799062.dir/build
make[1]: Entering directory `/home/ros/catkin_ws/build/CMakeFiles/CMakeTmp'
/usr/bin/cmake -E cmake_progress_report /home/ros/catkin_ws/build/CMakeFiles/CMakeTmp/CMakeFiles 1
Building C object CMakeFiles/cmTryCompileExec1557799062.dir/CheckSymbolExists.c.o
/usr/bin/cc    -o CMakeFiles/cmTryCompileExec1557799062.dir/CheckSymbolExists.c.o   -c /home/ros/catkin_ws/build/CMakeFiles/CMakeTmp/CheckSymbolExists.c
/home/ros/catkin_ws/build/CMakeFiles/CMakeTmp/CheckSymbolExists.c:2:47: fatal error: OpenCL_INCLUDE_DIR-NOTFOUND/CL/cl.h: No such file or directory
 #include <OpenCL_INCLUDE_DIR-NOTFOUND/CL/cl.h>
                                               ^
compilation terminated.
make[1]: Leaving directory `/home/ros/catkin_ws/build/CMakeFiles/CMakeTmp'
make[1]: *** [CMakeFiles/cmTryCompileExec1557799062.dir/CheckSymbolExists.c.o] Error 1
make: *** [cmTryCompileExec1557799062/fast] Error 2

File /home/ros/catkin_ws/build/CMakeFiles/CMakeTmp/CheckSymbolExists.c:
/* */
#include <OpenCL_INCLUDE_DIR-NOTFOUND/CL/cl.h>

int main(int argc, char** argv)
{
  (void)argv;
#ifndef CL_VERSION_1_0
  return ((int*)(&CL_VERSION_1_0))[argc];
#else
  (void)argc;
  return 0;
#endif
}

Determining if the Q_WS_WIN exist failed with the following output:
Change Dir: /home/ros/catkin_ws/build/CMakeFiles/CMakeTmp

Run Build Command:/usr/bin/make "cmTryCompileExec924905666/fast"
/usr/bin/make -f CMakeFiles/cmTryCompileExec924905666.dir/build.make CMakeFiles/cmTryCompileExec924905666.dir/build
make[1]: Entering directory `/home/ros/catkin_ws/build/CMakeFiles/CMakeTmp'
/usr/bin/cmake -E cmake_progress_report /home/ros/catkin_ws/build/CMakeFiles/CMakeTmp/CMakeFiles 1
Building CXX object CMakeFiles/cmTryCompileExec924905666.dir/CheckSymbolExists.cxx.o
/usr/bin/c++    -I/usr/include/qt4    -o CMakeFiles/cmTryCompileExec924905666.dir/CheckSymbolExists.cxx.o -c /home/ros/catkin_ws/build/CMakeFiles/CMakeTmp/CheckSymbolExists.cxx
/home/ros/catkin_ws/build/CMakeFiles/CMakeTmp/CheckSymbolExists.cxx: In function ‘int main(int, char**)’:
/home/ros/catkin_ws/build/CMakeFiles/CMakeTmp/CheckSymbolExists.cxx:8:19: error: ‘Q_WS_WIN’ was not declared in this scope
   return ((int*)(&Q_WS_WIN))[argc];
                   ^
make[1]: Leaving directory `/home/ros/catkin_ws/build/CMakeFiles/CMakeTmp'
make[1]: *** [CMakeFiles/cmTryCompileExec924905666.dir/CheckSymbolExists.cxx.o] Error 1
make: *** [cmTryCompileExec924905666/fast] Error 2

File /home/ros/catkin_ws/build/CMakeFiles/CMakeTmp/CheckSymbolExists.cxx:
/* */
#include <QtCore/qglobal.h>

int main(int argc, char** argv)
{
  (void)argv;
#ifndef Q_WS_WIN
  return ((int*)(&Q_WS_WIN))[argc];
#else
  (void)argc;
  return 0;
#endif
}

Determining if the Q_WS_QWS exist failed with the following output:
Change Dir: /home/ros/catkin_ws/build/CMakeFiles/CMakeTmp

Run Build Command:/usr/bin/make "cmTryCompileExec2371501898/fast"
/usr/bin/make -f CMakeFiles/cmTryCompileExec2371501898.dir/build.make CMakeFiles/cmTryCompileExec2371501898.dir/build
make[1]: Entering directory `/home/ros/catkin_ws/build/CMakeFiles/CMakeTmp'
/usr/bin/cmake -E cmake_progress_report /home/ros/catkin_ws/build/CMakeFiles/CMakeTmp/CMakeFiles 1
Building CXX object CMakeFiles/cmTryCompileExec2371501898.dir/CheckSymbolExists.cxx.o
/usr/bin/c++    -I/usr/include/qt4    -o CMakeFiles/cmTryCompileExec2371501898.dir/CheckSymbolExists.cxx.o -c /home/ros/catkin_ws/build/CMakeFiles/CMakeTmp/CheckSymbolExists.cxx
/home/ros/catkin_ws/build/CMakeFiles/CMakeTmp/CheckSymbolExists.cxx: In function ‘int main(int, char**)’:
/home/ros/catkin_ws/build/CMakeFiles/CMakeTmp/CheckSymbolExists.cxx:8:19: error: ‘Q_WS_QWS’ was not declared in this scope
   return ((int*)(&Q_WS_QWS))[argc];
                   ^
make[1]: Leaving directory `/home/ros/catkin_ws/build/CMakeFiles/CMakeTmp'
make[1]: *** [CMakeFiles/cmTryCompileExec2371501898.dir/CheckSymbolExists.cxx.o] Error 1
make: *** [cmTryCompileExec2371501898/fast] Error 2

File /home/ros/catkin_ws/build/CMakeFiles/CMakeTmp/CheckSymbolExists.cxx:
/* */
#include <QtCore/qglobal.h>

int main(int argc, char** argv)
{
  (void)argv;
#ifndef Q_WS_QWS
  return ((int*)(&Q_WS_QWS))[argc];
#else
  (void)argc;
  return 0;
#endif
}

Determining if the Q_WS_MAC exist failed with the following output:
Change Dir: /home/ros/catkin_ws/build/CMakeFiles/CMakeTmp

Run Build Command:/usr/bin/make "cmTryCompileExec2777277339/fast"
/usr/bin/make -f CMakeFiles/cmTryCompileExec2777277339.dir/build.make CMakeFiles/cmTryCompileExec2777277339.dir/build
make[1]: Entering directory `/home/ros/catkin_ws/build/CMakeFiles/CMakeTmp'
/usr/bin/cmake -E cmake_progress_report /home/ros/catkin_ws/build/CMakeFiles/CMakeTmp/CMakeFiles 1
Building CXX object CMakeFiles/cmTryCompileExec2777277339.dir/CheckSymbolExists.cxx.o
/usr/bin/c++    -I/usr/include/qt4    -o CMakeFiles/cmTryCompileExec2777277339.dir/CheckSymbolExists.cxx.o -c /home/ros/catkin_ws/build/CMakeFiles/CMakeTmp/CheckSymbolExists.cxx
/home/ros/catkin_ws/build/CMakeFiles/CMakeTmp/CheckSymbolExists.cxx: In function ‘int main(int, char**)’:
/home/ros/catkin_ws/build/CMakeFiles/CMakeTmp/CheckSymbolExists.cxx:8:19: error: ‘Q_WS_MAC’ was not declared in this scope
   return ((int*)(&Q_WS_MAC))[argc];
                   ^
make[1]: Leaving directory `/home/ros/catkin_ws/build/CMakeFiles/CMakeTmp'
make[1]: *** [CMakeFiles/cmTryCompileExec2777277339.dir/CheckSymbolExists.cxx.o] Error 1
make: *** [cmTryCompileExec2777277339/fast] Error 2

File /home/ros/catkin_ws/build/CMakeFiles/CMakeTmp/CheckSymbolExists.cxx:
/* */
#include <QtCore/qglobal.h>

int main(int argc, char** argv)
{
  (void)argv;
#ifndef Q_WS_MAC
  return ((int*)(&Q_WS_MAC))[argc];
#else
  (void)argc;
  return 0;
#endif
}

